{
  "stats": {
    "suites": 1,
    "tests": 1,
    "passes": 1,
    "pending": 0,
    "failures": 0,
    "start": "2024-11-12T16:18:10.351Z",
    "end": "2024-11-12T16:18:36.179Z",
    "duration": 25828,
    "testsRegistered": 1,
    "passPercent": 100,
    "pendingPercent": 0,
    "other": 0,
    "hasOther": false,
    "skipped": 0,
    "hasSkipped": false
  },
  "results": [
    {
      "uuid": "74297c56-1212-48fe-b002-b94afc45e58e",
      "title": "",
      "fullFile": "cypress\\e2e\\excluir_usuario.cy.js",
      "file": "cypress\\e2e\\excluir_usuario.cy.js",
      "beforeHooks": [],
      "afterHooks": [],
      "tests": [],
      "suites": [
        {
          "uuid": "30891c93-7302-4092-9201-01d612c99f11",
          "title": "Gerenciamento de funcionarios",
          "fullFile": "",
          "file": "",
          "beforeHooks": [],
          "afterHooks": [],
          "tests": [
            {
              "title": "Deve selecionar um empregado e conseguir editar seus dados",
              "fullTitle": "Gerenciamento de funcionarios Deve selecionar um empregado e conseguir editar seus dados",
              "timedOut": null,
              "duration": 20413,
              "state": "passed",
              "speed": "slow",
              "pass": true,
              "fail": false,
              "pending": false,
              "context": null,
              "code": "cy.get('.oxd-topbar-body-nav > ul > :nth-child(2)').click();\ncy.get(':nth-child(1) > .oxd-table-row > :nth-child(1) > .oxd-table-card-cell-checkbox > .oxd-checkbox-wrapper > label').click();\ncy.get(':nth-child(1) > .oxd-table-row > :nth-child(9) > .oxd-table-cell-actions > :nth-child(2) > .oxd-icon').click();\ncy.get('.orangehrm-modal-footer > .oxd-button--label-danger').click();\ncy.screenshot('excluir_usuario');",
              "err": {},
              "uuid": "0a798901-c001-40ad-b418-16d48a12aef3",
              "parentUUID": "30891c93-7302-4092-9201-01d612c99f11",
              "isHook": false,
              "skipped": false
            }
          ],
          "suites": [],
          "passes": [
            "0a798901-c001-40ad-b418-16d48a12aef3"
          ],
          "failures": [],
          "pending": [],
          "skipped": [],
          "duration": 20413,
          "root": false,
          "rootEmpty": false,
          "_timeout": 2000
        }
      ],
      "passes": [],
      "failures": [],
      "pending": [],
      "skipped": [],
      "duration": 0,
      "root": true,
      "rootEmpty": true,
      "_timeout": 2000
    }
  ],
  "meta": {
    "mocha": {
      "version": "7.0.1"
    },
    "mochawesome": {
      "options": {
        "quiet": false,
        "reportFilename": "mochawesome",
        "saveHtml": true,
        "saveJson": true,
        "consoleReporter": "spec",
        "useInlineDiffs": false,
        "code": true
      },
      "version": "7.1.3"
    },
    "marge": {
      "options": {
        "reportDir": "cypress/results",
        "overwrite": false,
        "html": true,
        "json": true,
        "timestamp": "mmddyyyy_HHMMss",
        "charts": true,
        "code": true,
        "reportTitle": "Teste Orange HRM 🍊"
      },
      "version": "6.2.0"
    }
  }
}