{
  "stats": {
    "suites": 1,
    "tests": 4,
    "passes": 4,
    "pending": 0,
    "failures": 0,
    "start": "2024-11-12T16:21:40.349Z",
    "end": "2024-11-12T16:21:58.833Z",
    "duration": 18484,
    "testsRegistered": 4,
    "passPercent": 100,
    "pendingPercent": 0,
    "other": 0,
    "hasOther": false,
    "skipped": 0,
    "hasSkipped": false
  },
  "results": [
    {
      "uuid": "3c878ddd-78c8-464b-812a-3a61be76a6d5",
      "title": "",
      "fullFile": "cypress\\e2e\\login.cy.js",
      "file": "cypress\\e2e\\login.cy.js",
      "beforeHooks": [],
      "afterHooks": [],
      "tests": [],
      "suites": [
        {
          "uuid": "f149b0fd-5627-4fe8-8d0b-f53636524f01",
          "title": "Página de Login",
          "fullFile": "",
          "file": "",
          "beforeHooks": [],
          "afterHooks": [],
          "tests": [
            {
              "title": "Deve preencher os campos corretamente e auntenticar o usuário na página",
              "fullTitle": "Página de Login Deve preencher os campos corretamente e auntenticar o usuário na página",
              "timedOut": null,
              "duration": 5284,
              "state": "passed",
              "speed": "medium",
              "pass": true,
              "fail": false,
              "pending": false,
              "context": null,
              "code": "cy.login(\"Admin\", \"admin123\");\ncy.visit('https://opensource-demo.orangehrmlive.com/web/index.php/dashboard/index');\ncy.screenshot(\"teste_login_completo\");",
              "err": {},
              "uuid": "be665bda-d0c3-4b6b-bd5d-ab64eaf4577b",
              "parentUUID": "f149b0fd-5627-4fe8-8d0b-f53636524f01",
              "isHook": false,
              "skipped": false
            },
            {
              "title": "Deve apresentar uma mensagem de erro se um ou mais campos forem preenchidos incorretamente",
              "fullTitle": "Página de Login Deve apresentar uma mensagem de erro se um ou mais campos forem preenchidos incorretamente",
              "timedOut": null,
              "duration": 4396,
              "state": "passed",
              "speed": "fast",
              "pass": true,
              "fail": false,
              "pending": false,
              "context": null,
              "code": "cy.login(\"aaaa\", \"admin123\");\ncy.contains(\"Invalid credentials\").should('be.visible');\ncy.screenshot(\"teste_login_falha_completo\");",
              "err": {},
              "uuid": "017160ba-0efb-45d7-834d-662b281816b2",
              "parentUUID": "f149b0fd-5627-4fe8-8d0b-f53636524f01",
              "isHook": false,
              "skipped": false
            },
            {
              "title": "Deve apresentar uma mensagem de erro se um ou mais campos forem preenchidos incorretamente",
              "fullTitle": "Página de Login Deve apresentar uma mensagem de erro se um ou mais campos forem preenchidos incorretamente",
              "timedOut": null,
              "duration": 3675,
              "state": "passed",
              "speed": "fast",
              "pass": true,
              "fail": false,
              "pending": false,
              "context": null,
              "code": "cy.login(\"Admin\", \"admin\");\ncy.contains(\"Invalid credentials\").should('be.visible');\ncy.screenshot(\"teste_login_falha_2_completo\");",
              "err": {},
              "uuid": "02bd5cfa-3527-4a7a-8c06-4d99bebad262",
              "parentUUID": "f149b0fd-5627-4fe8-8d0b-f53636524f01",
              "isHook": false,
              "skipped": false
            },
            {
              "title": "Deve apresentar uma mensagem \"Required\" abaixo dos campos em branco",
              "fullTitle": "Página de Login Deve apresentar uma mensagem \"Required\" abaixo dos campos em branco",
              "timedOut": null,
              "duration": 2127,
              "state": "passed",
              "speed": "fast",
              "pass": true,
              "fail": false,
              "pending": false,
              "context": null,
              "code": "cy.get('.oxd-button').click();\ncy.contains(\"Required\").should('be.visible');\ncy.screenshot(\"teste_falha_3_completo\");",
              "err": {},
              "uuid": "263c8685-3825-4f68-8f8e-7ec2c73269a1",
              "parentUUID": "f149b0fd-5627-4fe8-8d0b-f53636524f01",
              "isHook": false,
              "skipped": false
            }
          ],
          "suites": [],
          "passes": [
            "be665bda-d0c3-4b6b-bd5d-ab64eaf4577b",
            "017160ba-0efb-45d7-834d-662b281816b2",
            "02bd5cfa-3527-4a7a-8c06-4d99bebad262",
            "263c8685-3825-4f68-8f8e-7ec2c73269a1"
          ],
          "failures": [],
          "pending": [],
          "skipped": [],
          "duration": 15482,
          "root": false,
          "rootEmpty": false,
          "_timeout": 2000
        }
      ],
      "passes": [],
      "failures": [],
      "pending": [],
      "skipped": [],
      "duration": 0,
      "root": true,
      "rootEmpty": true,
      "_timeout": 2000
    }
  ],
  "meta": {
    "mocha": {
      "version": "7.0.1"
    },
    "mochawesome": {
      "options": {
        "quiet": false,
        "reportFilename": "mochawesome",
        "saveHtml": true,
        "saveJson": true,
        "consoleReporter": "spec",
        "useInlineDiffs": false,
        "code": true
      },
      "version": "7.1.3"
    },
    "marge": {
      "options": {
        "reportDir": "cypress/results",
        "overwrite": false,
        "html": true,
        "json": true,
        "timestamp": "mmddyyyy_HHMMss",
        "charts": true,
        "code": true,
        "reportTitle": "Teste Orange HRM 🍊"
      },
      "version": "6.2.0"
    }
  }
}