{
  "stats": {
    "suites": 1,
    "tests": 4,
    "passes": 4,
    "pending": 0,
    "failures": 0,
    "start": "2024-11-12T16:19:02.003Z",
    "end": "2024-11-12T16:19:33.454Z",
    "duration": 31451,
    "testsRegistered": 4,
    "passPercent": 100,
    "pendingPercent": 0,
    "other": 0,
    "hasOther": false,
    "skipped": 0,
    "hasSkipped": false
  },
  "results": [
    {
      "uuid": "364d885c-4414-4a9d-8118-1ed8c07ca9e5",
      "title": "",
      "fullFile": "cypress\\e2e\\login.cy.js",
      "file": "cypress\\e2e\\login.cy.js",
      "beforeHooks": [],
      "afterHooks": [],
      "tests": [],
      "suites": [
        {
          "uuid": "b4283106-505f-44e7-b25e-7991ffc02955",
          "title": "Página de Login",
          "fullFile": "",
          "file": "",
          "beforeHooks": [],
          "afterHooks": [],
          "tests": [
            {
              "title": "Deve preencher os campos corretamente e auntenticar o usuário na página",
              "fullTitle": "Página de Login Deve preencher os campos corretamente e auntenticar o usuário na página",
              "timedOut": null,
              "duration": 9027,
              "state": "passed",
              "speed": "medium",
              "pass": true,
              "fail": false,
              "pending": false,
              "context": null,
              "code": "cy.login(\"Admin\", \"admin123\");\ncy.visit('https://opensource-demo.orangehrmlive.com/web/index.php/dashboard/index');\ncy.screenshot(\"teste_login_completo\");",
              "err": {},
              "uuid": "e265f73d-9109-4e3f-94f8-25bb904f71fa",
              "parentUUID": "b4283106-505f-44e7-b25e-7991ffc02955",
              "isHook": false,
              "skipped": false
            },
            {
              "title": "Deve apresentar uma mensagem de erro se um ou mais campos forem preenchidos incorretamente",
              "fullTitle": "Página de Login Deve apresentar uma mensagem de erro se um ou mais campos forem preenchidos incorretamente",
              "timedOut": null,
              "duration": 4890,
              "state": "passed",
              "speed": "fast",
              "pass": true,
              "fail": false,
              "pending": false,
              "context": null,
              "code": "cy.login(\"aaaa\", \"admin123\");\ncy.contains(\"Invalid credentials\").should('be.visible');\ncy.screenshot(\"teste_login_falha_completo\");",
              "err": {},
              "uuid": "90d59453-af78-4fe6-b210-d2607966142f",
              "parentUUID": "b4283106-505f-44e7-b25e-7991ffc02955",
              "isHook": false,
              "skipped": false
            },
            {
              "title": "Deve apresentar uma mensagem de erro se um ou mais campos forem preenchidos incorretamente",
              "fullTitle": "Página de Login Deve apresentar uma mensagem de erro se um ou mais campos forem preenchidos incorretamente",
              "timedOut": null,
              "duration": 4923,
              "state": "passed",
              "speed": "fast",
              "pass": true,
              "fail": false,
              "pending": false,
              "context": null,
              "code": "cy.login(\"Admin\", \"admin\");\ncy.contains(\"Invalid credentials\").should('be.visible');\ncy.screenshot(\"teste_login_falha_2_completo\");",
              "err": {},
              "uuid": "9d59c9ae-d9ad-4cd3-b159-2f78570ac68c",
              "parentUUID": "b4283106-505f-44e7-b25e-7991ffc02955",
              "isHook": false,
              "skipped": false
            },
            {
              "title": "Deve apresentar uma mensagem \"Required\" abaixo dos campos em branco",
              "fullTitle": "Página de Login Deve apresentar uma mensagem \"Required\" abaixo dos campos em branco",
              "timedOut": null,
              "duration": 3284,
              "state": "passed",
              "speed": "fast",
              "pass": true,
              "fail": false,
              "pending": false,
              "context": null,
              "code": "cy.get('.oxd-button').click();\ncy.contains(\"Required\").should('be.visible');\ncy.screenshot(\"teste_falha_3_completo\");",
              "err": {},
              "uuid": "9a537a54-d59a-4cd3-87b8-08e1ba327588",
              "parentUUID": "b4283106-505f-44e7-b25e-7991ffc02955",
              "isHook": false,
              "skipped": false
            }
          ],
          "suites": [],
          "passes": [
            "e265f73d-9109-4e3f-94f8-25bb904f71fa",
            "90d59453-af78-4fe6-b210-d2607966142f",
            "9d59c9ae-d9ad-4cd3-b159-2f78570ac68c",
            "9a537a54-d59a-4cd3-87b8-08e1ba327588"
          ],
          "failures": [],
          "pending": [],
          "skipped": [],
          "duration": 22124,
          "root": false,
          "rootEmpty": false,
          "_timeout": 2000
        }
      ],
      "passes": [],
      "failures": [],
      "pending": [],
      "skipped": [],
      "duration": 0,
      "root": true,
      "rootEmpty": true,
      "_timeout": 2000
    }
  ],
  "meta": {
    "mocha": {
      "version": "7.0.1"
    },
    "mochawesome": {
      "options": {
        "quiet": false,
        "reportFilename": "mochawesome",
        "saveHtml": true,
        "saveJson": true,
        "consoleReporter": "spec",
        "useInlineDiffs": false,
        "code": true
      },
      "version": "7.1.3"
    },
    "marge": {
      "options": {
        "reportDir": "cypress/results",
        "overwrite": false,
        "html": true,
        "json": true,
        "timestamp": "mmddyyyy_HHMMss",
        "charts": true,
        "code": true,
        "reportTitle": "Teste Orange HRM 🍊"
      },
      "version": "6.2.0"
    }
  }
}