{
  "stats": {
    "suites": 1,
    "tests": 1,
    "passes": 1,
    "pending": 0,
    "failures": 0,
    "start": "2024-11-12T16:20:48.871Z",
    "end": "2024-11-12T16:21:15.845Z",
    "duration": 26974,
    "testsRegistered": 1,
    "passPercent": 100,
    "pendingPercent": 0,
    "other": 0,
    "hasOther": false,
    "skipped": 0,
    "hasSkipped": false
  },
  "results": [
    {
      "uuid": "e51c4267-ea3d-46b9-95a5-ad7ce330389d",
      "title": "",
      "fullFile": "cypress\\e2e\\editar_usuario.cy.js",
      "file": "cypress\\e2e\\editar_usuario.cy.js",
      "beforeHooks": [],
      "afterHooks": [],
      "tests": [],
      "suites": [
        {
          "uuid": "e7548640-35b9-47fd-a631-cda2840905e1",
          "title": "Gerenciamento de funcionarios",
          "fullFile": "",
          "file": "",
          "beforeHooks": [],
          "afterHooks": [],
          "tests": [
            {
              "title": "Deve selecionar um empregado e conseguir editar seus dados",
              "fullTitle": "Gerenciamento de funcionarios Deve selecionar um empregado e conseguir editar seus dados",
              "timedOut": null,
              "duration": 24088,
              "state": "passed",
              "speed": "slow",
              "pass": true,
              "fail": false,
              "pending": false,
              "context": null,
              "code": "cy.get('.oxd-topbar-body-nav > ul > :nth-child(2)').click();\ncy.get(':nth-child(1) > .oxd-table-row > :nth-child(1) > .oxd-table-card-cell-checkbox > .oxd-checkbox-wrapper > label').click();\ncy.get(':nth-child(1) > .oxd-table-row > :nth-child(9) > .oxd-table-cell-actions > :nth-child(1) > .oxd-icon').click();\ncy.get('.--name-grouped-field > :nth-child(1) > :nth-child(2) > .oxd-input').clear().type('aaaa');\ncy.get(':nth-child(2) > :nth-child(2) > .oxd-input').clear().type('bbbb');\ncy.get(':nth-child(3) > :nth-child(2) > .oxd-input').clear().type('bbbb');\ncy.get(':nth-child(1) > .oxd-form > .oxd-form-actions > .oxd-button').click();\ncy.get('.oxd-topbar-body-nav > ul > :nth-child(2)').click();\n//coloquei somente para demostrar o resultado final\ncy.get(':nth-child(1) > .oxd-table-row > :nth-child(1) > .oxd-table-card-cell-checkbox > .oxd-checkbox-wrapper > label').click();\ncy.screenshot(\"final_edicao\");",
              "err": {},
              "uuid": "88e1631e-9556-4f57-b0b4-fca7ab02b107",
              "parentUUID": "e7548640-35b9-47fd-a631-cda2840905e1",
              "isHook": false,
              "skipped": false
            }
          ],
          "suites": [],
          "passes": [
            "88e1631e-9556-4f57-b0b4-fca7ab02b107"
          ],
          "failures": [],
          "pending": [],
          "skipped": [],
          "duration": 24088,
          "root": false,
          "rootEmpty": false,
          "_timeout": 2000
        }
      ],
      "passes": [],
      "failures": [],
      "pending": [],
      "skipped": [],
      "duration": 0,
      "root": true,
      "rootEmpty": true,
      "_timeout": 2000
    }
  ],
  "meta": {
    "mocha": {
      "version": "7.0.1"
    },
    "mochawesome": {
      "options": {
        "quiet": false,
        "reportFilename": "mochawesome",
        "saveHtml": true,
        "saveJson": true,
        "consoleReporter": "spec",
        "useInlineDiffs": false,
        "code": true
      },
      "version": "7.1.3"
    },
    "marge": {
      "options": {
        "reportDir": "cypress/results",
        "overwrite": false,
        "html": true,
        "json": true,
        "timestamp": "mmddyyyy_HHMMss",
        "charts": true,
        "code": true,
        "reportTitle": "Teste Orange HRM 🍊"
      },
      "version": "6.2.0"
    }
  }
}