{
  "stats": {
    "suites": 1,
    "tests": 10,
    "passes": 10,
    "pending": 0,
    "failures": 0,
    "start": "2024-11-12T16:14:10.220Z",
    "end": "2024-11-12T16:16:20.813Z",
    "duration": 130593,
    "testsRegistered": 10,
    "passPercent": 100,
    "pendingPercent": 0,
    "other": 0,
    "hasOther": false,
    "skipped": 0,
    "hasSkipped": false
  },
  "results": [
    {
      "uuid": "d0444fa0-f594-4972-90c2-7382909532ba",
      "title": "",
      "fullFile": "cypress\\e2e\\cadastro_usuario.cy.js",
      "file": "cypress\\e2e\\cadastro_usuario.cy.js",
      "beforeHooks": [],
      "afterHooks": [],
      "tests": [],
      "suites": [
        {
          "uuid": "5514044d-28ca-4d8c-aae4-e31b013a734f",
          "title": "Gerenciamento de funcionarios",
          "fullFile": "",
          "file": "",
          "beforeHooks": [],
          "afterHooks": [],
          "tests": [
            {
              "title": "Deve preencher os campos do formulário corretamente para cadastrar um novo funcionario",
              "fullTitle": "Gerenciamento de funcionarios Deve preencher os campos do formulário corretamente para cadastrar um novo funcionario",
              "timedOut": null,
              "duration": 11411,
              "state": "passed",
              "speed": "slow",
              "pass": true,
              "fail": false,
              "pending": false,
              "context": null,
              "code": "cy.get(':nth-child(3) > .oxd-topbar-body-nav-tab-item').click();\ncy.get('.--name-grouped-field > :nth-child(1) > :nth-child(2) > .oxd-input').clear().type(funcionario.nome);\ncy.get(':nth-child(2) > :nth-child(2) > .oxd-input').clear().type(funcionario.sobrenome1);\ncy.get(':nth-child(3) > :nth-child(2) > .oxd-input').clear().type(funcionario.sobrenome2);\ncy.get('.oxd-grid-item > .oxd-input-group > :nth-child(2) > .oxd-input').clear().type(funcionario.id);\ncy.get('.oxd-button--secondary').click();\ncy.screenshot(\"pos_cadastro\");",
              "err": {},
              "uuid": "7cdf25a5-fb76-4fcf-aaee-993a3fef744f",
              "parentUUID": "5514044d-28ca-4d8c-aae4-e31b013a734f",
              "isHook": false,
              "skipped": false
            },
            {
              "title": "Deve preencher os campos do formulário corretamente para cadastrar um novo funcionario",
              "fullTitle": "Gerenciamento de funcionarios Deve preencher os campos do formulário corretamente para cadastrar um novo funcionario",
              "timedOut": null,
              "duration": 9434,
              "state": "passed",
              "speed": "medium",
              "pass": true,
              "fail": false,
              "pending": false,
              "context": null,
              "code": "cy.get(':nth-child(3) > .oxd-topbar-body-nav-tab-item').click();\ncy.get('.--name-grouped-field > :nth-child(1) > :nth-child(2) > .oxd-input').clear().type(funcionario.nome);\ncy.get(':nth-child(2) > :nth-child(2) > .oxd-input').clear().type(funcionario.sobrenome1);\ncy.get(':nth-child(3) > :nth-child(2) > .oxd-input').clear().type(funcionario.sobrenome2);\ncy.get('.oxd-grid-item > .oxd-input-group > :nth-child(2) > .oxd-input').clear().type(funcionario.id);\ncy.get('.oxd-button--secondary').click();\ncy.screenshot(\"pos_cadastro\");",
              "err": {},
              "uuid": "8c50b59c-6c61-4cc5-b5c8-cfec55617bd0",
              "parentUUID": "5514044d-28ca-4d8c-aae4-e31b013a734f",
              "isHook": false,
              "skipped": false
            },
            {
              "title": "Deve preencher os campos do formulário corretamente para cadastrar um novo funcionario",
              "fullTitle": "Gerenciamento de funcionarios Deve preencher os campos do formulário corretamente para cadastrar um novo funcionario",
              "timedOut": null,
              "duration": 10273,
              "state": "passed",
              "speed": "slow",
              "pass": true,
              "fail": false,
              "pending": false,
              "context": null,
              "code": "cy.get(':nth-child(3) > .oxd-topbar-body-nav-tab-item').click();\ncy.get('.--name-grouped-field > :nth-child(1) > :nth-child(2) > .oxd-input').clear().type(funcionario.nome);\ncy.get(':nth-child(2) > :nth-child(2) > .oxd-input').clear().type(funcionario.sobrenome1);\ncy.get(':nth-child(3) > :nth-child(2) > .oxd-input').clear().type(funcionario.sobrenome2);\ncy.get('.oxd-grid-item > .oxd-input-group > :nth-child(2) > .oxd-input').clear().type(funcionario.id);\ncy.get('.oxd-button--secondary').click();\ncy.screenshot(\"pos_cadastro\");",
              "err": {},
              "uuid": "3c4032d6-ffb9-41d0-8126-d97de21219db",
              "parentUUID": "5514044d-28ca-4d8c-aae4-e31b013a734f",
              "isHook": false,
              "skipped": false
            },
            {
              "title": "Deve preencher os campos do formulário corretamente para cadastrar um novo funcionario",
              "fullTitle": "Gerenciamento de funcionarios Deve preencher os campos do formulário corretamente para cadastrar um novo funcionario",
              "timedOut": null,
              "duration": 10067,
              "state": "passed",
              "speed": "slow",
              "pass": true,
              "fail": false,
              "pending": false,
              "context": null,
              "code": "cy.get(':nth-child(3) > .oxd-topbar-body-nav-tab-item').click();\ncy.get('.--name-grouped-field > :nth-child(1) > :nth-child(2) > .oxd-input').clear().type(funcionario.nome);\ncy.get(':nth-child(2) > :nth-child(2) > .oxd-input').clear().type(funcionario.sobrenome1);\ncy.get(':nth-child(3) > :nth-child(2) > .oxd-input').clear().type(funcionario.sobrenome2);\ncy.get('.oxd-grid-item > .oxd-input-group > :nth-child(2) > .oxd-input').clear().type(funcionario.id);\ncy.get('.oxd-button--secondary').click();\ncy.screenshot(\"pos_cadastro\");",
              "err": {},
              "uuid": "e95facd3-97cc-4cbc-ba50-f7a49b3e01aa",
              "parentUUID": "5514044d-28ca-4d8c-aae4-e31b013a734f",
              "isHook": false,
              "skipped": false
            },
            {
              "title": "Deve preencher os campos do formulário corretamente para cadastrar um novo funcionario",
              "fullTitle": "Gerenciamento de funcionarios Deve preencher os campos do formulário corretamente para cadastrar um novo funcionario",
              "timedOut": null,
              "duration": 10413,
              "state": "passed",
              "speed": "slow",
              "pass": true,
              "fail": false,
              "pending": false,
              "context": null,
              "code": "cy.get(':nth-child(3) > .oxd-topbar-body-nav-tab-item').click();\ncy.get('.--name-grouped-field > :nth-child(1) > :nth-child(2) > .oxd-input').clear().type(funcionario.nome);\ncy.get(':nth-child(2) > :nth-child(2) > .oxd-input').clear().type(funcionario.sobrenome1);\ncy.get(':nth-child(3) > :nth-child(2) > .oxd-input').clear().type(funcionario.sobrenome2);\ncy.get('.oxd-grid-item > .oxd-input-group > :nth-child(2) > .oxd-input').clear().type(funcionario.id);\ncy.get('.oxd-button--secondary').click();\ncy.screenshot(\"pos_cadastro\");",
              "err": {},
              "uuid": "5b4aafe1-1c9c-433f-a9e3-2a0e84b687cf",
              "parentUUID": "5514044d-28ca-4d8c-aae4-e31b013a734f",
              "isHook": false,
              "skipped": false
            },
            {
              "title": "Deve preencher os campos do formulário corretamente para cadastrar um novo funcionario",
              "fullTitle": "Gerenciamento de funcionarios Deve preencher os campos do formulário corretamente para cadastrar um novo funcionario",
              "timedOut": null,
              "duration": 31594,
              "state": "passed",
              "speed": "slow",
              "pass": true,
              "fail": false,
              "pending": false,
              "context": null,
              "code": "cy.get(':nth-child(3) > .oxd-topbar-body-nav-tab-item').click();\ncy.get('.--name-grouped-field > :nth-child(1) > :nth-child(2) > .oxd-input').clear().type(funcionario.nome);\ncy.get(':nth-child(2) > :nth-child(2) > .oxd-input').clear().type(funcionario.sobrenome1);\ncy.get(':nth-child(3) > :nth-child(2) > .oxd-input').clear().type(funcionario.sobrenome2);\ncy.get('.oxd-grid-item > .oxd-input-group > :nth-child(2) > .oxd-input').clear().type(funcionario.id);\ncy.get('.oxd-button--secondary').click();\ncy.screenshot(\"pos_cadastro\");",
              "err": {},
              "uuid": "857fcd22-653f-4ba8-b197-2154d389f250",
              "parentUUID": "5514044d-28ca-4d8c-aae4-e31b013a734f",
              "isHook": false,
              "skipped": false
            },
            {
              "title": "Deve preencher os campos do formulário corretamente para cadastrar um novo funcionario",
              "fullTitle": "Gerenciamento de funcionarios Deve preencher os campos do formulário corretamente para cadastrar um novo funcionario",
              "timedOut": null,
              "duration": 10984,
              "state": "passed",
              "speed": "slow",
              "pass": true,
              "fail": false,
              "pending": false,
              "context": null,
              "code": "cy.get(':nth-child(3) > .oxd-topbar-body-nav-tab-item').click();\ncy.get('.--name-grouped-field > :nth-child(1) > :nth-child(2) > .oxd-input').clear().type(funcionario.nome);\ncy.get(':nth-child(2) > :nth-child(2) > .oxd-input').clear().type(funcionario.sobrenome1);\ncy.get(':nth-child(3) > :nth-child(2) > .oxd-input').clear().type(funcionario.sobrenome2);\ncy.get('.oxd-grid-item > .oxd-input-group > :nth-child(2) > .oxd-input').clear().type(funcionario.id);\ncy.get('.oxd-button--secondary').click();\ncy.screenshot(\"pos_cadastro\");",
              "err": {},
              "uuid": "70915808-3b34-42c4-bcf4-bd350ba38fcf",
              "parentUUID": "5514044d-28ca-4d8c-aae4-e31b013a734f",
              "isHook": false,
              "skipped": false
            },
            {
              "title": "Deve preencher os campos do formulário corretamente para cadastrar um novo funcionario",
              "fullTitle": "Gerenciamento de funcionarios Deve preencher os campos do formulário corretamente para cadastrar um novo funcionario",
              "timedOut": null,
              "duration": 9691,
              "state": "passed",
              "speed": "medium",
              "pass": true,
              "fail": false,
              "pending": false,
              "context": null,
              "code": "cy.get(':nth-child(3) > .oxd-topbar-body-nav-tab-item').click();\ncy.get('.--name-grouped-field > :nth-child(1) > :nth-child(2) > .oxd-input').clear().type(funcionario.nome);\ncy.get(':nth-child(2) > :nth-child(2) > .oxd-input').clear().type(funcionario.sobrenome1);\ncy.get(':nth-child(3) > :nth-child(2) > .oxd-input').clear().type(funcionario.sobrenome2);\ncy.get('.oxd-grid-item > .oxd-input-group > :nth-child(2) > .oxd-input').clear().type(funcionario.id);\ncy.get('.oxd-button--secondary').click();\ncy.screenshot(\"pos_cadastro\");",
              "err": {},
              "uuid": "ea103565-d01e-43ee-9e6c-60800ac18dff",
              "parentUUID": "5514044d-28ca-4d8c-aae4-e31b013a734f",
              "isHook": false,
              "skipped": false
            },
            {
              "title": "Deve preencher os campos do formulário corretamente para cadastrar um novo funcionario",
              "fullTitle": "Gerenciamento de funcionarios Deve preencher os campos do formulário corretamente para cadastrar um novo funcionario",
              "timedOut": null,
              "duration": 9992,
              "state": "passed",
              "speed": "medium",
              "pass": true,
              "fail": false,
              "pending": false,
              "context": null,
              "code": "cy.get(':nth-child(3) > .oxd-topbar-body-nav-tab-item').click();\ncy.get('.--name-grouped-field > :nth-child(1) > :nth-child(2) > .oxd-input').clear().type(funcionario.nome);\ncy.get(':nth-child(2) > :nth-child(2) > .oxd-input').clear().type(funcionario.sobrenome1);\ncy.get(':nth-child(3) > :nth-child(2) > .oxd-input').clear().type(funcionario.sobrenome2);\ncy.get('.oxd-grid-item > .oxd-input-group > :nth-child(2) > .oxd-input').clear().type(funcionario.id);\ncy.get('.oxd-button--secondary').click();\ncy.screenshot(\"pos_cadastro\");",
              "err": {},
              "uuid": "e19ebda7-5f23-41de-905a-a7d8bb76888e",
              "parentUUID": "5514044d-28ca-4d8c-aae4-e31b013a734f",
              "isHook": false,
              "skipped": false
            },
            {
              "title": "Deve preencher os campos do formulário corretamente para cadastrar um novo funcionario",
              "fullTitle": "Gerenciamento de funcionarios Deve preencher os campos do formulário corretamente para cadastrar um novo funcionario",
              "timedOut": null,
              "duration": 10172,
              "state": "passed",
              "speed": "slow",
              "pass": true,
              "fail": false,
              "pending": false,
              "context": null,
              "code": "cy.get(':nth-child(3) > .oxd-topbar-body-nav-tab-item').click();\ncy.get('.--name-grouped-field > :nth-child(1) > :nth-child(2) > .oxd-input').clear().type(funcionario.nome);\ncy.get(':nth-child(2) > :nth-child(2) > .oxd-input').clear().type(funcionario.sobrenome1);\ncy.get(':nth-child(3) > :nth-child(2) > .oxd-input').clear().type(funcionario.sobrenome2);\ncy.get('.oxd-grid-item > .oxd-input-group > :nth-child(2) > .oxd-input').clear().type(funcionario.id);\ncy.get('.oxd-button--secondary').click();\ncy.screenshot(\"pos_cadastro\");",
              "err": {},
              "uuid": "31896368-fa02-450d-984a-b8eed24cfcde",
              "parentUUID": "5514044d-28ca-4d8c-aae4-e31b013a734f",
              "isHook": false,
              "skipped": false
            }
          ],
          "suites": [],
          "passes": [
            "7cdf25a5-fb76-4fcf-aaee-993a3fef744f",
            "8c50b59c-6c61-4cc5-b5c8-cfec55617bd0",
            "3c4032d6-ffb9-41d0-8126-d97de21219db",
            "e95facd3-97cc-4cbc-ba50-f7a49b3e01aa",
            "5b4aafe1-1c9c-433f-a9e3-2a0e84b687cf",
            "857fcd22-653f-4ba8-b197-2154d389f250",
            "70915808-3b34-42c4-bcf4-bd350ba38fcf",
            "ea103565-d01e-43ee-9e6c-60800ac18dff",
            "e19ebda7-5f23-41de-905a-a7d8bb76888e",
            "31896368-fa02-450d-984a-b8eed24cfcde"
          ],
          "failures": [],
          "pending": [],
          "skipped": [],
          "duration": 124031,
          "root": false,
          "rootEmpty": false,
          "_timeout": 2000
        }
      ],
      "passes": [],
      "failures": [],
      "pending": [],
      "skipped": [],
      "duration": 0,
      "root": true,
      "rootEmpty": true,
      "_timeout": 2000
    }
  ],
  "meta": {
    "mocha": {
      "version": "7.0.1"
    },
    "mochawesome": {
      "options": {
        "quiet": false,
        "reportFilename": "mochawesome",
        "saveHtml": true,
        "saveJson": true,
        "consoleReporter": "spec",
        "useInlineDiffs": false,
        "code": true
      },
      "version": "7.1.3"
    },
    "marge": {
      "options": {
        "reportDir": "cypress/results",
        "overwrite": false,
        "html": true,
        "json": true,
        "timestamp": "mmddyyyy_HHMMss",
        "charts": true,
        "code": true,
        "reportTitle": "Teste Orange HRM 🍊"
      },
      "version": "6.2.0"
    }
  }
}