{
  "stats": {
    "suites": 1,
    "tests": 10,
    "passes": 10,
    "pending": 0,
    "failures": 0,
    "start": "2024-11-12T16:18:08.969Z",
    "end": "2024-11-12T16:20:44.377Z",
    "duration": 155408,
    "testsRegistered": 10,
    "passPercent": 100,
    "pendingPercent": 0,
    "other": 0,
    "hasOther": false,
    "skipped": 0,
    "hasSkipped": false
  },
  "results": [
    {
      "uuid": "b0568297-e873-4e9a-b42b-8cf7a31f1a25",
      "title": "",
      "fullFile": "cypress\\e2e\\cadastro_usuario.cy.js",
      "file": "cypress\\e2e\\cadastro_usuario.cy.js",
      "beforeHooks": [],
      "afterHooks": [],
      "tests": [],
      "suites": [
        {
          "uuid": "bf85489a-e657-403b-b272-41a41b1a1f0e",
          "title": "Gerenciamento de funcionarios",
          "fullFile": "",
          "file": "",
          "beforeHooks": [],
          "afterHooks": [],
          "tests": [
            {
              "title": "Deve preencher os campos do formulário corretamente para cadastrar um novo funcionario",
              "fullTitle": "Gerenciamento de funcionarios Deve preencher os campos do formulário corretamente para cadastrar um novo funcionario",
              "timedOut": null,
              "duration": 24522,
              "state": "passed",
              "speed": "slow",
              "pass": true,
              "fail": false,
              "pending": false,
              "context": null,
              "code": "cy.get(':nth-child(3) > .oxd-topbar-body-nav-tab-item').click();\ncy.get('.--name-grouped-field > :nth-child(1) > :nth-child(2) > .oxd-input').clear().type(funcionario.nome);\ncy.get(':nth-child(2) > :nth-child(2) > .oxd-input').clear().type(funcionario.sobrenome1);\ncy.get(':nth-child(3) > :nth-child(2) > .oxd-input').clear().type(funcionario.sobrenome2);\ncy.get('.oxd-grid-item > .oxd-input-group > :nth-child(2) > .oxd-input').clear().type(funcionario.id);\ncy.get('.oxd-button--secondary').click();\ncy.screenshot(\"pos_cadastro\");",
              "err": {},
              "uuid": "89abf0b1-0bbc-4f5a-971e-49403d7b452e",
              "parentUUID": "bf85489a-e657-403b-b272-41a41b1a1f0e",
              "isHook": false,
              "skipped": false
            },
            {
              "title": "Deve preencher os campos do formulário corretamente para cadastrar um novo funcionario",
              "fullTitle": "Gerenciamento de funcionarios Deve preencher os campos do formulário corretamente para cadastrar um novo funcionario",
              "timedOut": null,
              "duration": 16967,
              "state": "passed",
              "speed": "slow",
              "pass": true,
              "fail": false,
              "pending": false,
              "context": null,
              "code": "cy.get(':nth-child(3) > .oxd-topbar-body-nav-tab-item').click();\ncy.get('.--name-grouped-field > :nth-child(1) > :nth-child(2) > .oxd-input').clear().type(funcionario.nome);\ncy.get(':nth-child(2) > :nth-child(2) > .oxd-input').clear().type(funcionario.sobrenome1);\ncy.get(':nth-child(3) > :nth-child(2) > .oxd-input').clear().type(funcionario.sobrenome2);\ncy.get('.oxd-grid-item > .oxd-input-group > :nth-child(2) > .oxd-input').clear().type(funcionario.id);\ncy.get('.oxd-button--secondary').click();\ncy.screenshot(\"pos_cadastro\");",
              "err": {},
              "uuid": "b3f2a353-798a-423e-81a7-7d63777eaa07",
              "parentUUID": "bf85489a-e657-403b-b272-41a41b1a1f0e",
              "isHook": false,
              "skipped": false
            },
            {
              "title": "Deve preencher os campos do formulário corretamente para cadastrar um novo funcionario",
              "fullTitle": "Gerenciamento de funcionarios Deve preencher os campos do formulário corretamente para cadastrar um novo funcionario",
              "timedOut": null,
              "duration": 21495,
              "state": "passed",
              "speed": "slow",
              "pass": true,
              "fail": false,
              "pending": false,
              "context": null,
              "code": "cy.get(':nth-child(3) > .oxd-topbar-body-nav-tab-item').click();\ncy.get('.--name-grouped-field > :nth-child(1) > :nth-child(2) > .oxd-input').clear().type(funcionario.nome);\ncy.get(':nth-child(2) > :nth-child(2) > .oxd-input').clear().type(funcionario.sobrenome1);\ncy.get(':nth-child(3) > :nth-child(2) > .oxd-input').clear().type(funcionario.sobrenome2);\ncy.get('.oxd-grid-item > .oxd-input-group > :nth-child(2) > .oxd-input').clear().type(funcionario.id);\ncy.get('.oxd-button--secondary').click();\ncy.screenshot(\"pos_cadastro\");",
              "err": {},
              "uuid": "259b898b-eaa5-45c1-9ded-c76f852c1483",
              "parentUUID": "bf85489a-e657-403b-b272-41a41b1a1f0e",
              "isHook": false,
              "skipped": false
            },
            {
              "title": "Deve preencher os campos do formulário corretamente para cadastrar um novo funcionario",
              "fullTitle": "Gerenciamento de funcionarios Deve preencher os campos do formulário corretamente para cadastrar um novo funcionario",
              "timedOut": null,
              "duration": 13846,
              "state": "passed",
              "speed": "slow",
              "pass": true,
              "fail": false,
              "pending": false,
              "context": null,
              "code": "cy.get(':nth-child(3) > .oxd-topbar-body-nav-tab-item').click();\ncy.get('.--name-grouped-field > :nth-child(1) > :nth-child(2) > .oxd-input').clear().type(funcionario.nome);\ncy.get(':nth-child(2) > :nth-child(2) > .oxd-input').clear().type(funcionario.sobrenome1);\ncy.get(':nth-child(3) > :nth-child(2) > .oxd-input').clear().type(funcionario.sobrenome2);\ncy.get('.oxd-grid-item > .oxd-input-group > :nth-child(2) > .oxd-input').clear().type(funcionario.id);\ncy.get('.oxd-button--secondary').click();\ncy.screenshot(\"pos_cadastro\");",
              "err": {},
              "uuid": "d149e142-1f40-48d1-b673-74cef1e0feb2",
              "parentUUID": "bf85489a-e657-403b-b272-41a41b1a1f0e",
              "isHook": false,
              "skipped": false
            },
            {
              "title": "Deve preencher os campos do formulário corretamente para cadastrar um novo funcionario",
              "fullTitle": "Gerenciamento de funcionarios Deve preencher os campos do formulário corretamente para cadastrar um novo funcionario",
              "timedOut": null,
              "duration": 15966,
              "state": "passed",
              "speed": "slow",
              "pass": true,
              "fail": false,
              "pending": false,
              "context": null,
              "code": "cy.get(':nth-child(3) > .oxd-topbar-body-nav-tab-item').click();\ncy.get('.--name-grouped-field > :nth-child(1) > :nth-child(2) > .oxd-input').clear().type(funcionario.nome);\ncy.get(':nth-child(2) > :nth-child(2) > .oxd-input').clear().type(funcionario.sobrenome1);\ncy.get(':nth-child(3) > :nth-child(2) > .oxd-input').clear().type(funcionario.sobrenome2);\ncy.get('.oxd-grid-item > .oxd-input-group > :nth-child(2) > .oxd-input').clear().type(funcionario.id);\ncy.get('.oxd-button--secondary').click();\ncy.screenshot(\"pos_cadastro\");",
              "err": {},
              "uuid": "1a3b79dd-620c-474e-8d5d-4beb1e856d9e",
              "parentUUID": "bf85489a-e657-403b-b272-41a41b1a1f0e",
              "isHook": false,
              "skipped": false
            },
            {
              "title": "Deve preencher os campos do formulário corretamente para cadastrar um novo funcionario",
              "fullTitle": "Gerenciamento de funcionarios Deve preencher os campos do formulário corretamente para cadastrar um novo funcionario",
              "timedOut": null,
              "duration": 11559,
              "state": "passed",
              "speed": "slow",
              "pass": true,
              "fail": false,
              "pending": false,
              "context": null,
              "code": "cy.get(':nth-child(3) > .oxd-topbar-body-nav-tab-item').click();\ncy.get('.--name-grouped-field > :nth-child(1) > :nth-child(2) > .oxd-input').clear().type(funcionario.nome);\ncy.get(':nth-child(2) > :nth-child(2) > .oxd-input').clear().type(funcionario.sobrenome1);\ncy.get(':nth-child(3) > :nth-child(2) > .oxd-input').clear().type(funcionario.sobrenome2);\ncy.get('.oxd-grid-item > .oxd-input-group > :nth-child(2) > .oxd-input').clear().type(funcionario.id);\ncy.get('.oxd-button--secondary').click();\ncy.screenshot(\"pos_cadastro\");",
              "err": {},
              "uuid": "724c7178-3015-4fa8-b4a4-658604b37af2",
              "parentUUID": "bf85489a-e657-403b-b272-41a41b1a1f0e",
              "isHook": false,
              "skipped": false
            },
            {
              "title": "Deve preencher os campos do formulário corretamente para cadastrar um novo funcionario",
              "fullTitle": "Gerenciamento de funcionarios Deve preencher os campos do formulário corretamente para cadastrar um novo funcionario",
              "timedOut": null,
              "duration": 11070,
              "state": "passed",
              "speed": "slow",
              "pass": true,
              "fail": false,
              "pending": false,
              "context": null,
              "code": "cy.get(':nth-child(3) > .oxd-topbar-body-nav-tab-item').click();\ncy.get('.--name-grouped-field > :nth-child(1) > :nth-child(2) > .oxd-input').clear().type(funcionario.nome);\ncy.get(':nth-child(2) > :nth-child(2) > .oxd-input').clear().type(funcionario.sobrenome1);\ncy.get(':nth-child(3) > :nth-child(2) > .oxd-input').clear().type(funcionario.sobrenome2);\ncy.get('.oxd-grid-item > .oxd-input-group > :nth-child(2) > .oxd-input').clear().type(funcionario.id);\ncy.get('.oxd-button--secondary').click();\ncy.screenshot(\"pos_cadastro\");",
              "err": {},
              "uuid": "c67536c9-df77-4b30-bf01-751a444faa76",
              "parentUUID": "bf85489a-e657-403b-b272-41a41b1a1f0e",
              "isHook": false,
              "skipped": false
            },
            {
              "title": "Deve preencher os campos do formulário corretamente para cadastrar um novo funcionario",
              "fullTitle": "Gerenciamento de funcionarios Deve preencher os campos do formulário corretamente para cadastrar um novo funcionario",
              "timedOut": null,
              "duration": 10637,
              "state": "passed",
              "speed": "slow",
              "pass": true,
              "fail": false,
              "pending": false,
              "context": null,
              "code": "cy.get(':nth-child(3) > .oxd-topbar-body-nav-tab-item').click();\ncy.get('.--name-grouped-field > :nth-child(1) > :nth-child(2) > .oxd-input').clear().type(funcionario.nome);\ncy.get(':nth-child(2) > :nth-child(2) > .oxd-input').clear().type(funcionario.sobrenome1);\ncy.get(':nth-child(3) > :nth-child(2) > .oxd-input').clear().type(funcionario.sobrenome2);\ncy.get('.oxd-grid-item > .oxd-input-group > :nth-child(2) > .oxd-input').clear().type(funcionario.id);\ncy.get('.oxd-button--secondary').click();\ncy.screenshot(\"pos_cadastro\");",
              "err": {},
              "uuid": "cac0d320-5df2-4b41-b9d3-bb199264e223",
              "parentUUID": "bf85489a-e657-403b-b272-41a41b1a1f0e",
              "isHook": false,
              "skipped": false
            },
            {
              "title": "Deve preencher os campos do formulário corretamente para cadastrar um novo funcionario",
              "fullTitle": "Gerenciamento de funcionarios Deve preencher os campos do formulário corretamente para cadastrar um novo funcionario",
              "timedOut": null,
              "duration": 10886,
              "state": "passed",
              "speed": "slow",
              "pass": true,
              "fail": false,
              "pending": false,
              "context": null,
              "code": "cy.get(':nth-child(3) > .oxd-topbar-body-nav-tab-item').click();\ncy.get('.--name-grouped-field > :nth-child(1) > :nth-child(2) > .oxd-input').clear().type(funcionario.nome);\ncy.get(':nth-child(2) > :nth-child(2) > .oxd-input').clear().type(funcionario.sobrenome1);\ncy.get(':nth-child(3) > :nth-child(2) > .oxd-input').clear().type(funcionario.sobrenome2);\ncy.get('.oxd-grid-item > .oxd-input-group > :nth-child(2) > .oxd-input').clear().type(funcionario.id);\ncy.get('.oxd-button--secondary').click();\ncy.screenshot(\"pos_cadastro\");",
              "err": {},
              "uuid": "2e42a148-3be5-4491-8290-b281ca7c8491",
              "parentUUID": "bf85489a-e657-403b-b272-41a41b1a1f0e",
              "isHook": false,
              "skipped": false
            },
            {
              "title": "Deve preencher os campos do formulário corretamente para cadastrar um novo funcionario",
              "fullTitle": "Gerenciamento de funcionarios Deve preencher os campos do formulário corretamente para cadastrar um novo funcionario",
              "timedOut": null,
              "duration": 11634,
              "state": "passed",
              "speed": "slow",
              "pass": true,
              "fail": false,
              "pending": false,
              "context": null,
              "code": "cy.get(':nth-child(3) > .oxd-topbar-body-nav-tab-item').click();\ncy.get('.--name-grouped-field > :nth-child(1) > :nth-child(2) > .oxd-input').clear().type(funcionario.nome);\ncy.get(':nth-child(2) > :nth-child(2) > .oxd-input').clear().type(funcionario.sobrenome1);\ncy.get(':nth-child(3) > :nth-child(2) > .oxd-input').clear().type(funcionario.sobrenome2);\ncy.get('.oxd-grid-item > .oxd-input-group > :nth-child(2) > .oxd-input').clear().type(funcionario.id);\ncy.get('.oxd-button--secondary').click();\ncy.screenshot(\"pos_cadastro\");",
              "err": {},
              "uuid": "6a991dcb-e964-42a4-b4c4-9f72050fe855",
              "parentUUID": "bf85489a-e657-403b-b272-41a41b1a1f0e",
              "isHook": false,
              "skipped": false
            }
          ],
          "suites": [],
          "passes": [
            "89abf0b1-0bbc-4f5a-971e-49403d7b452e",
            "b3f2a353-798a-423e-81a7-7d63777eaa07",
            "259b898b-eaa5-45c1-9ded-c76f852c1483",
            "d149e142-1f40-48d1-b673-74cef1e0feb2",
            "1a3b79dd-620c-474e-8d5d-4beb1e856d9e",
            "724c7178-3015-4fa8-b4a4-658604b37af2",
            "c67536c9-df77-4b30-bf01-751a444faa76",
            "cac0d320-5df2-4b41-b9d3-bb199264e223",
            "2e42a148-3be5-4491-8290-b281ca7c8491",
            "6a991dcb-e964-42a4-b4c4-9f72050fe855"
          ],
          "failures": [],
          "pending": [],
          "skipped": [],
          "duration": 148582,
          "root": false,
          "rootEmpty": false,
          "_timeout": 2000
        }
      ],
      "passes": [],
      "failures": [],
      "pending": [],
      "skipped": [],
      "duration": 0,
      "root": true,
      "rootEmpty": true,
      "_timeout": 2000
    }
  ],
  "meta": {
    "mocha": {
      "version": "7.0.1"
    },
    "mochawesome": {
      "options": {
        "quiet": false,
        "reportFilename": "mochawesome",
        "saveHtml": true,
        "saveJson": true,
        "consoleReporter": "spec",
        "useInlineDiffs": false,
        "code": true
      },
      "version": "7.1.3"
    },
    "marge": {
      "options": {
        "reportDir": "cypress/results",
        "overwrite": false,
        "html": true,
        "json": true,
        "timestamp": "mmddyyyy_HHMMss",
        "charts": true,
        "code": true,
        "reportTitle": "Teste Orange HRM 🍊"
      },
      "version": "6.2.0"
    }
  }
}